<?xml version="1.0" encoding="UTF-8"?>
<!-- Generated by org.testng.reporters.JUnitXMLReporter -->
<testsuite ignored="0" hostname="LAPTOP-GTU6IJKS" failures="0" tests="3" name="Default test" time="8.546" errors="0" timestamp="2021-11-10T11:12:22 IST">
  <testcase classname="com.heroku.HerokuApp" name="getAccessToken_POST" time="5.721"/>
  <testcase classname="com.heroku.HerokuApp" name="createBooking_POST" time="1.387"/>
  <testcase classname="com.heroku.HerokuApp" name="GetBooking_GET" time="1.382"/>
</testsuite> <!-- Default test -->
